c:\users\brandon\source\repos\gsbs\gsbs\x64\debug\vc143.pdb
c:\users\brandon\source\repos\gsbs\gsbs\x64\debug\vc143.idb
c:\users\brandon\source\repos\gsbs\gsbs\x64\debug\main.obj
d:\c++ programming\cosc2947-group-final\source\gsbs\x64\debug\main.obj
d:\c++ programming\cosc2947-group-final\source\gsbs\x64\debug\types.obj
d:\c++ programming\cosc2947-group-final\source\gsbs\x64\debug\account.obj
d:\c++ programming\cosc2947-group-final\source\gsbs\x64\debug\card.obj
d:\c++ programming\cosc2947-group-final\source\gsbs\x64\debug\transaction.obj
d:\c++ programming\cosc2947-group-final\source\gsbs\x64\debug\customer.obj
d:\c++ programming\cosc2947-group-final\source\gsbs\x64\debug\user.obj
d:\c++ programming\cosc2947-group-final\source\gsbs\x64\debug\vc143.pdb
c:\users\brandon\source\repos\gsbs\x64\debug\gsbs.exe
c:\users\brandon\source\repos\gsbs\x64\debug\gsbs.pdb
c:\users\brandon\source\repos\gsbs\gsbs\x64\debug\gsbs.ilk
d:\c++ programming\cosc2947-group-final\source\gsbs\x64\debug\vc143.idb
d:\c++ programming\cosc2947-group-final\source\x64\debug\gsbs.pdb
d:\c++ programming\cosc2947-group-final\source\gsbs\x64\debug\gsbs.tlog\cl.command.1.tlog
d:\c++ programming\cosc2947-group-final\source\gsbs\x64\debug\gsbs.tlog\cl.items.tlog
d:\c++ programming\cosc2947-group-final\source\gsbs\x64\debug\gsbs.tlog\cl.read.1.tlog
d:\c++ programming\cosc2947-group-final\source\gsbs\x64\debug\gsbs.tlog\cl.write.1.tlog
d:\c++ programming\cosc2947-group-final\source\gsbs\x64\debug\gsbs.tlog\link-cvtres.read.1.tlog
d:\c++ programming\cosc2947-group-final\source\gsbs\x64\debug\gsbs.tlog\link-cvtres.write.1.tlog
d:\c++ programming\cosc2947-group-final\source\gsbs\x64\debug\gsbs.tlog\link-rc.read.1.tlog
d:\c++ programming\cosc2947-group-final\source\gsbs\x64\debug\gsbs.tlog\link-rc.write.1.tlog
d:\c++ programming\cosc2947-group-final\source\gsbs\x64\debug\gsbs.tlog\link.command.1.tlog
d:\c++ programming\cosc2947-group-final\source\gsbs\x64\debug\gsbs.tlog\link.read.1.tlog
d:\c++ programming\cosc2947-group-final\source\gsbs\x64\debug\gsbs.tlog\link.read.2.tlog
d:\c++ programming\cosc2947-group-final\source\gsbs\x64\debug\gsbs.tlog\link.secondary.1.tlog
d:\c++ programming\cosc2947-group-final\source\gsbs\x64\debug\gsbs.tlog\link.write.1.tlog
